Start testing: Sep 24 15:41 MSK
----------------------------------------------------------
1/5 Testing: CountVowelsTest.HandlesEmptyString
1/5 Test: CountVowelsTest.HandlesEmptyString
Command: "/Users/agrikhanov/Desktop/labs25-26-3sem/oop/lr1/build/run_tests" "--gtest_filter=CountVowelsTest.HandlesEmptyString" "--gtest_also_run_disabled_tests"
Directory: /Users/agrikhanov/Desktop/labs25-26-3sem/oop/lr1/build
"CountVowelsTest.HandlesEmptyString" start time: Sep 24 15:41 MSK
Output:
----------------------------------------------------------
Running main() from /Users/agrikhanov/Desktop/labs25-26-3sem/oop/lr1/build/_deps/googletest-src/googletest/src/gtest_main.cc
Note: Google Test filter = CountVowelsTest.HandlesEmptyString
[==========] Running 1 test from 1 test suite.
[----------] Global test environment set-up.
[----------] 1 test from CountVowelsTest
[ RUN      ] CountVowelsTest.HandlesEmptyString
[       OK ] CountVowelsTest.HandlesEmptyString (0 ms)
[----------] 1 test from CountVowelsTest (0 ms total)

[----------] Global test environment tear-down
[==========] 1 test from 1 test suite ran. (0 ms total)
[  PASSED  ] 1 test.
<end of output>
Test time =   0.03 sec
----------------------------------------------------------
Test Passed.
"CountVowelsTest.HandlesEmptyString" end time: Sep 24 15:41 MSK
"CountVowelsTest.HandlesEmptyString" time elapsed: 00:00:00
----------------------------------------------------------

2/5 Testing: CountVowelsTest.HandlesStringWithNoVowels
2/5 Test: CountVowelsTest.HandlesStringWithNoVowels
Command: "/Users/agrikhanov/Desktop/labs25-26-3sem/oop/lr1/build/run_tests" "--gtest_filter=CountVowelsTest.HandlesStringWithNoVowels" "--gtest_also_run_disabled_tests"
Directory: /Users/agrikhanov/Desktop/labs25-26-3sem/oop/lr1/build
"CountVowelsTest.HandlesStringWithNoVowels" start time: Sep 24 15:41 MSK
Output:
----------------------------------------------------------
Running main() from /Users/agrikhanov/Desktop/labs25-26-3sem/oop/lr1/build/_deps/googletest-src/googletest/src/gtest_main.cc
Note: Google Test filter = CountVowelsTest.HandlesStringWithNoVowels
[==========] Running 1 test from 1 test suite.
[----------] Global test environment set-up.
[----------] 1 test from CountVowelsTest
[ RUN      ] CountVowelsTest.HandlesStringWithNoVowels
[       OK ] CountVowelsTest.HandlesStringWithNoVowels (0 ms)
[----------] 1 test from CountVowelsTest (0 ms total)

[----------] Global test environment tear-down
[==========] 1 test from 1 test suite ran. (0 ms total)
[  PASSED  ] 1 test.
<end of output>
Test time =   0.02 sec
----------------------------------------------------------
Test Passed.
"CountVowelsTest.HandlesStringWithNoVowels" end time: Sep 24 15:41 MSK
"CountVowelsTest.HandlesStringWithNoVowels" time elapsed: 00:00:00
----------------------------------------------------------

3/5 Testing: CountVowelsTest.HandlesStringWithOnlyVowels
3/5 Test: CountVowelsTest.HandlesStringWithOnlyVowels
Command: "/Users/agrikhanov/Desktop/labs25-26-3sem/oop/lr1/build/run_tests" "--gtest_filter=CountVowelsTest.HandlesStringWithOnlyVowels" "--gtest_also_run_disabled_tests"
Directory: /Users/agrikhanov/Desktop/labs25-26-3sem/oop/lr1/build
"CountVowelsTest.HandlesStringWithOnlyVowels" start time: Sep 24 15:41 MSK
Output:
----------------------------------------------------------
Running main() from /Users/agrikhanov/Desktop/labs25-26-3sem/oop/lr1/build/_deps/googletest-src/googletest/src/gtest_main.cc
Note: Google Test filter = CountVowelsTest.HandlesStringWithOnlyVowels
[==========] Running 1 test from 1 test suite.
[----------] Global test environment set-up.
[----------] 1 test from CountVowelsTest
[ RUN      ] CountVowelsTest.HandlesStringWithOnlyVowels
[       OK ] CountVowelsTest.HandlesStringWithOnlyVowels (0 ms)
[----------] 1 test from CountVowelsTest (0 ms total)

[----------] Global test environment tear-down
[==========] 1 test from 1 test suite ran. (0 ms total)
[  PASSED  ] 1 test.
<end of output>
Test time =   0.02 sec
----------------------------------------------------------
Test Passed.
"CountVowelsTest.HandlesStringWithOnlyVowels" end time: Sep 24 15:41 MSK
"CountVowelsTest.HandlesStringWithOnlyVowels" time elapsed: 00:00:00
----------------------------------------------------------

4/5 Testing: CountVowelsTest.HandlesStandardMixedString
4/5 Test: CountVowelsTest.HandlesStandardMixedString
Command: "/Users/agrikhanov/Desktop/labs25-26-3sem/oop/lr1/build/run_tests" "--gtest_filter=CountVowelsTest.HandlesStandardMixedString" "--gtest_also_run_disabled_tests"
Directory: /Users/agrikhanov/Desktop/labs25-26-3sem/oop/lr1/build
"CountVowelsTest.HandlesStandardMixedString" start time: Sep 24 15:41 MSK
Output:
----------------------------------------------------------
Running main() from /Users/agrikhanov/Desktop/labs25-26-3sem/oop/lr1/build/_deps/googletest-src/googletest/src/gtest_main.cc
Note: Google Test filter = CountVowelsTest.HandlesStandardMixedString
[==========] Running 1 test from 1 test suite.
[----------] Global test environment set-up.
[----------] 1 test from CountVowelsTest
[ RUN      ] CountVowelsTest.HandlesStandardMixedString
[       OK ] CountVowelsTest.HandlesStandardMixedString (0 ms)
[----------] 1 test from CountVowelsTest (0 ms total)

[----------] Global test environment tear-down
[==========] 1 test from 1 test suite ran. (0 ms total)
[  PASSED  ] 1 test.
<end of output>
Test time =   0.02 sec
----------------------------------------------------------
Test Passed.
"CountVowelsTest.HandlesStandardMixedString" end time: Sep 24 15:41 MSK
"CountVowelsTest.HandlesStandardMixedString" time elapsed: 00:00:00
----------------------------------------------------------

5/5 Testing: CountVowelsTest.HandlesNonLowercase
5/5 Test: CountVowelsTest.HandlesNonLowercase
Command: "/Users/agrikhanov/Desktop/labs25-26-3sem/oop/lr1/build/run_tests" "--gtest_filter=CountVowelsTest.HandlesNonLowercase" "--gtest_also_run_disabled_tests"
Directory: /Users/agrikhanov/Desktop/labs25-26-3sem/oop/lr1/build
"CountVowelsTest.HandlesNonLowercase" start time: Sep 24 15:41 MSK
Output:
----------------------------------------------------------
Running main() from /Users/agrikhanov/Desktop/labs25-26-3sem/oop/lr1/build/_deps/googletest-src/googletest/src/gtest_main.cc
Note: Google Test filter = CountVowelsTest.HandlesNonLowercase
[==========] Running 1 test from 1 test suite.
[----------] Global test environment set-up.
[----------] 1 test from CountVowelsTest
[ RUN      ] CountVowelsTest.HandlesNonLowercase
[       OK ] CountVowelsTest.HandlesNonLowercase (0 ms)
[----------] 1 test from CountVowelsTest (0 ms total)

[----------] Global test environment tear-down
[==========] 1 test from 1 test suite ran. (0 ms total)
[  PASSED  ] 1 test.
<end of output>
Test time =   0.02 sec
----------------------------------------------------------
Test Passed.
"CountVowelsTest.HandlesNonLowercase" end time: Sep 24 15:41 MSK
"CountVowelsTest.HandlesNonLowercase" time elapsed: 00:00:00
----------------------------------------------------------

End testing: Sep 24 15:41 MSK
